<?xml version="1.0" encoding="UTF-8"?>
<testng-results ignored="0" total="1" passed="1" failed="0" skipped="0">
  <reporter-output>
    <line>
      <![CDATA[Sample class executed]]>
    </line>
  </reporter-output>
  <suite started-at="2024-07-26T12:13:10 IST" name="Default suite" finished-at="2024-07-26T12:13:11 IST" duration-ms="148">
    <groups>
    </groups>
    <test started-at="2024-07-26T12:13:10 IST" name="Default test" finished-at="2024-07-26T12:13:11 IST" duration-ms="148">
      <class name="demo.Sample">
        <test-method signature="demo()[pri:0, instance:demo.Sample@70e8f8e]" started-at="2024-07-26T12:13:11 IST" name="demo" finished-at="2024-07-26T12:13:11 IST" duration-ms="36" status="PASS">
          <reporter-output>
            <line>
              <![CDATA[Sample class executed]]>
            </line>
          </reporter-output>
        </test-method> <!-- demo -->
      </class> <!-- demo.Sample -->
    </test> <!-- Default test -->
  </suite> <!-- Default suite -->
</testng-results>
